

times in msec
 clock   self+sourced   self:  sourced script
 clock   elapsed:              other lines

000.018  000.018: --- NVIM STARTING ---
002.130  002.112: locale set
008.886  006.757: inits 1
008.901  000.014: window checked
009.020  000.119: parsing arguments
009.116  000.096: expanding arguments
009.284  000.168: inits 2
009.739  000.455: init highlight
017.500  000.135  000.135: sourcing /Users/chand/dotfiles/vim/fzf_functions.vim
019.579  000.047  000.047: sourcing /Users/chand/dotfiles/vim/functions.vim
024.223  001.149  001.149: sourcing /Users/chand/.config/nvim/autoload/plug.vim
052.483  000.026  000.026: sourcing /Users/chand/.vim/plugged/vim-fugitive/ftdetect/fugitive.vim
054.010  009.683  009.657: sourcing /Users/chand/.linuxbrew/Cellar/neovim/0.3.1/share/nvim/runtime/filetype.vim
059.162  000.048  000.048: sourcing /Users/chand/.linuxbrew/Cellar/neovim/0.3.1/share/nvim/runtime/ftplugin.vim
065.572  000.048  000.048: sourcing /Users/chand/.linuxbrew/Cellar/neovim/0.3.1/share/nvim/runtime/indent.vim
077.765  000.239  000.239: sourcing /Users/chand/.linuxbrew/Cellar/neovim/0.3.1/share/nvim/runtime/syntax/syncolor.vim
078.473  002.892  002.653: sourcing /Users/chand/.linuxbrew/Cellar/neovim/0.3.1/share/nvim/runtime/syntax/synload.vim
079.159  010.786  007.895: sourcing /Users/chand/.linuxbrew/Cellar/neovim/0.3.1/share/nvim/runtime/syntax/syntax.vim
082.331  000.104  000.104: sourcing /Users/chand/.linuxbrew/Cellar/neovim/0.3.1/share/nvim/runtime/syntax/nosyntax.vim
086.315  000.194  000.194: sourcing /Users/chand/.linuxbrew/Cellar/neovim/0.3.1/share/nvim/runtime/syntax/syncolor.vim
087.163  002.726  002.531: sourcing /Users/chand/.linuxbrew/Cellar/neovim/0.3.1/share/nvim/runtime/syntax/synload.vim
087.826  007.242  004.412: sourcing /Users/chand/.linuxbrew/Cellar/neovim/0.3.1/share/nvim/runtime/syntax/syntax.vim
089.324  000.028  000.028: sourcing /Users/chand/.linuxbrew/Cellar/neovim/0.3.1/share/nvim/runtime/filetype.vim
090.805  000.024  000.024: sourcing /Users/chand/.linuxbrew/Cellar/neovim/0.3.1/share/nvim/runtime/ftplugin.vim
092.355  000.022  000.022: sourcing /Users/chand/.linuxbrew/Cellar/neovim/0.3.1/share/nvim/runtime/indent.vim
094.300  000.159  000.159: sourcing /Users/chand/.linuxbrew/Cellar/neovim/0.3.1/share/nvim/runtime/syntax/syncolor.vim
100.058  000.168  000.168: sourcing /Users/chand/.linuxbrew/Cellar/neovim/0.3.1/share/nvim/runtime/syntax/syncolor.vim
101.817  000.172  000.172: sourcing /Users/chand/.linuxbrew/Cellar/neovim/0.3.1/share/nvim/runtime/syntax/syncolor.vim
107.494  008.688  008.348: sourcing /Users/chand/.vim/plugged/gruvbox/colors/gruvbox.vim
108.486  093.756  055.699: sourcing /Users/chand/.config/nvim/init.vim
109.101  005.606: sourcing vimrc file(s)
126.342  008.322  008.322: sourcing /Users/chand/.vim/plugged/fzf.vim/plugin/fzf.vim
130.534  000.347  000.347: sourcing /Users/chand/.vim/plugged/vim-surround/plugin/surround.vim
134.580  000.240  000.240: sourcing /Users/chand/.vim/plugged/vim-fugitive/plugin/fugitive.vim
138.582  000.152  000.152: sourcing /Users/chand/.vim/plugged/vim-commentary/plugin/commentary.vim
150.594  008.137  008.137: sourcing /Users/chand/.vim/plugged/vim-unimpaired/plugin/unimpaired.vim
158.831  000.070  000.070: sourcing /Users/chand/.linuxbrew/Cellar/neovim/0.3.1/share/nvim/runtime/autoload/provider/pythonx.vim
549.237  392.229  392.159: sourcing /Users/chand/.linuxbrew/Cellar/neovim/0.3.1/share/nvim/runtime/autoload/provider/python.vim
633.632  000.181  000.181: sourcing /Users/chand/.linuxbrew/Cellar/neovim/0.3.1/share/nvim/runtime/autoload/remote/host.vim
634.353  082.933  082.752: sourcing /Users/chand/.linuxbrew/Cellar/neovim/0.3.1/share/nvim/runtime/autoload/provider/python3.vim
635.404  480.806  005.644: sourcing /Users/chand/.vim/plugged/YouCompleteMe/plugin/youcompleteme.vim
651.098  000.168  000.168: sourcing /Users/chand/.vim/plugged/vim-airline/autoload/airline.vim
653.917  000.097  000.097: sourcing /Users/chand/.vim/plugged/vim-airline/autoload/airline/init.vim
656.546  000.085  000.085: sourcing /Users/chand/.vim/plugged/vim-airline/autoload/airline/parts.vim
659.322  000.102  000.102: sourcing /Users/chand/.vim/plugged/vim-airline/autoload/airline/util.vim
659.972  010.586  010.135: sourcing /Users/chand/.vim/plugged/vim-airline/plugin/airline.vim
665.799  000.118  000.118: sourcing /Users/chand/.vim/plugged/nerdtree/autoload/nerdtree.vim
672.539  000.352  000.352: sourcing /Users/chand/.vim/plugged/nerdtree/lib/nerdtree/path.vim
674.783  000.097  000.097: sourcing /Users/chand/.vim/plugged/nerdtree/lib/nerdtree/menu_controller.vim
677.255  000.079  000.079: sourcing /Users/chand/.vim/plugged/nerdtree/lib/nerdtree/menu_item.vim
679.580  000.094  000.094: sourcing /Users/chand/.vim/plugged/nerdtree/lib/nerdtree/key_map.vim
682.187  000.178  000.178: sourcing /Users/chand/.vim/plugged/nerdtree/lib/nerdtree/bookmark.vim
684.815  000.155  000.155: sourcing /Users/chand/.vim/plugged/nerdtree/lib/nerdtree/tree_file_node.vim
687.622  000.297  000.297: sourcing /Users/chand/.vim/plugged/nerdtree/lib/nerdtree/tree_dir_node.vim
689.951  000.150  000.150: sourcing /Users/chand/.vim/plugged/nerdtree/lib/nerdtree/opener.vim
692.343  000.181  000.181: sourcing /Users/chand/.vim/plugged/nerdtree/lib/nerdtree/creator.vim
694.713  000.053  000.053: sourcing /Users/chand/.vim/plugged/nerdtree/lib/nerdtree/flag_set.vim
697.609  000.113  000.113: sourcing /Users/chand/.vim/plugged/nerdtree/lib/nerdtree/nerdtree.vim
700.410  000.222  000.222: sourcing /Users/chand/.vim/plugged/nerdtree/lib/nerdtree/ui.vim
703.135  000.034  000.034: sourcing /Users/chand/.vim/plugged/nerdtree/lib/nerdtree/event.vim
705.777  000.052  000.052: sourcing /Users/chand/.vim/plugged/nerdtree/lib/nerdtree/notifier.vim
708.909  000.293  000.293: sourcing /Users/chand/.vim/plugged/nerdtree/autoload/nerdtree/ui_glue.vim
722.149  000.091  000.091: sourcing /Users/chand/.vim/plugged/nerdtree/nerdtree_plugin/exec_menuitem.vim
724.433  000.468  000.468: sourcing /Users/chand/.vim/plugged/nerdtree/nerdtree_plugin/fs_menu.vim
725.285  061.392  058.368: sourcing /Users/chand/.vim/plugged/nerdtree/plugin/NERD_tree.vim
738.270  000.149  000.149: sourcing /Users/chand/.linuxbrew/Cellar/neovim/0.3.1/share/nvim/runtime/plugin/gzip.vim
739.714  000.029  000.029: sourcing /Users/chand/.linuxbrew/Cellar/neovim/0.3.1/share/nvim/runtime/plugin/health.vim
741.081  000.058  000.058: sourcing /Users/chand/.linuxbrew/Cellar/neovim/0.3.1/share/nvim/runtime/plugin/man.vim
742.812  000.399  000.399: sourcing /Users/chand/.linuxbrew/Cellar/neovim/0.3.1/share/nvim/runtime/plugin/matchit.vim
744.352  000.167  000.167: sourcing /Users/chand/.linuxbrew/Cellar/neovim/0.3.1/share/nvim/runtime/plugin/matchparen.vim
746.302  000.379  000.379: sourcing /Users/chand/.linuxbrew/Cellar/neovim/0.3.1/share/nvim/runtime/plugin/netrwPlugin.vim
750.764  002.865  002.865: sourcing /Users/chand/.linuxbrew/Cellar/neovim/0.3.1/share/nvim/runtime/plugin/rplugin.vim
752.455  000.027  000.027: sourcing /Users/chand/.linuxbrew/Cellar/neovim/0.3.1/share/nvim/runtime/plugin/rrhelper.vim
753.863  000.096  000.096: sourcing /Users/chand/.linuxbrew/Cellar/neovim/0.3.1/share/nvim/runtime/plugin/shada.vim
755.230  000.045  000.045: sourcing /Users/chand/.linuxbrew/Cellar/neovim/0.3.1/share/nvim/runtime/plugin/spellfile.vim
756.843  000.141  000.141: sourcing /Users/chand/.linuxbrew/Cellar/neovim/0.3.1/share/nvim/runtime/plugin/tarPlugin.vim
758.232  000.094  000.094: sourcing /Users/chand/.linuxbrew/Cellar/neovim/0.3.1/share/nvim/runtime/plugin/tohtml.vim
759.718  000.034  000.034: sourcing /Users/chand/.linuxbrew/Cellar/neovim/0.3.1/share/nvim/runtime/plugin/tutor.vim
761.574  000.154  000.154: sourcing /Users/chand/.linuxbrew/Cellar/neovim/0.3.1/share/nvim/runtime/plugin/zipPlugin.vim
766.835  000.789  000.789: sourcing /Users/chand/.linuxbrew/opt/fzf/plugin/fzf.vim
767.611  083.103: loading plugins
768.345  000.734: loading packages
768.405  000.060: loading after plugins
768.417  000.011: inits 3
770.960  002.544: reading ShaDa
781.590  010.630: clearing screen
820.512  003.507  003.507: sourcing /Users/chand/.linuxbrew/Cellar/neovim/0.3.1/share/nvim/runtime/autoload/provider/clipboard.vim
823.220  000.366  000.366: sourcing /Users/chand/.vim/plugged/vim-airline/autoload/airline/extensions.vim
826.226  000.120  000.120: sourcing /Users/chand/.vim/plugged/vim-airline/autoload/airline/extensions/quickfix.vim
828.614  000.087  000.087: sourcing /Users/chand/.vim/plugged/vim-airline/autoload/airline/extensions/netrw.vim
831.236  000.101  000.101: sourcing /Users/chand/.vim/plugged/vim-airline/autoload/airline/extensions/term.vim
834.193  000.332  000.332: sourcing /Users/chand/.vim/plugged/vim-airline/autoload/airline/extensions/branch.vim
837.133  000.088  000.088: sourcing /Users/chand/.vim/plugged/vim-airline/autoload/airline/extensions/fugitiveline.vim
840.023  000.229  000.229: sourcing /Users/chand/.vim/plugged/vim-airline/autoload/airline/extensions/whitespace.vim
844.770  000.120  000.120: sourcing /Users/chand/.vim/plugged/vim-airline/autoload/airline/extensions/po.vim
847.289  000.179  000.179: sourcing /Users/chand/.vim/plugged/vim-airline/autoload/airline/extensions/wordcount.vim
849.623  000.066  000.066: sourcing /Users/chand/.vim/plugged/vim-airline/autoload/airline/extensions/keymap.vim
881.673  000.135  000.135: sourcing /Users/chand/.vim/plugged/vim-airline/autoload/airline/section.vim
884.333  000.379  000.379: sourcing /Users/chand/.vim/plugged/vim-airline/autoload/airline/highlighter.vim
891.437  000.113  000.113: sourcing /Users/chand/.vim/plugged/vim-airline/autoload/airline/themes.vim
893.619  003.773  003.660: sourcing /Users/chand/.vim/plugged/gruvbox/autoload/airline/themes/gruvbox.vim
898.344  001.240  001.240: sourcing /Users/chand/.vim/plugged/gruvbox/autoload/airline/themes/gruvbox.vim
915.553  000.358  000.358: sourcing /Users/chand/.vim/plugged/vim-airline/autoload/airline/builder.vim
917.458  000.101  000.101: sourcing /Users/chand/.vim/plugged/vim-airline/autoload/airline/extensions/default.vim
932.624  139.850: opening buffers
932.661  000.037: BufEnter autocommands
932.665  000.003: editing files in windows
939.473  002.123  002.123: sourcing /Users/chand/.vim/plugged/vim-fugitive/autoload/fugitive.vim
942.561  000.455  000.455: sourcing /Users/chand/.vim/plugged/YouCompleteMe/autoload/youcompleteme.vim
944.766  000.032  000.032: sourcing /Users/chand/.linuxbrew/Cellar/neovim/0.3.1/share/nvim/runtime/autoload/provider.vim
1575.868  640.593: VimEnter autocommands
1575.874  000.007: before starting main loop
1584.277  008.403: first screen update
1584.282  000.005: --- NVIM STARTED ---
