--- Startup times for process: Primary (or UI client) ---

times in msec
 clock   self+sourced   self:  sourced script
 clock   elapsed:              other lines

000.000  000.000: --- NVIM STARTING ---
000.094  000.094: event init
000.293  000.199: early init
000.780  000.487: locale set
000.816  000.036: init first window
001.308  000.492: inits 1
001.316  000.007: window checked
001.321  000.006: parsing arguments
001.845  000.041  000.041: require('vim._core.shared')
001.914  000.004  000.004: require('string.buffer')
001.935  000.038  000.034: require('vim.inspect')
001.976  000.034  000.034: require('vim._core.options')
001.978  000.130  000.059: require('vim._core.editor')
002.021  000.042  000.042: require('vim._core.system')
002.023  000.250  000.037: require('vim._init_packages')
002.025  000.453: init lua interpreter
005.503  003.479: nvim_ui_attach
005.875  000.372: nvim_set_client_info
005.876  000.001: --- NVIM STARTED ---

--- Startup times for process: Embedded ---

times in msec
 clock   self+sourced   self:  sourced script
 clock   elapsed:              other lines

000.000  000.000: --- NVIM STARTING ---
000.061  000.060: event init
000.186  000.126: early init
000.484  000.298: locale set
000.507  000.023: init first window
000.824  000.317: inits 1
000.832  000.008: window checked
000.836  000.003: parsing arguments
001.219  000.036  000.036: require('vim._core.shared')
001.276  000.004  000.004: require('string.buffer')
001.295  000.034  000.030: require('vim.inspect')
001.331  000.030  000.030: require('vim._core.options')
001.334  000.113  000.050: require('vim._core.editor')
001.371  000.037  000.037: require('vim._core.system')
001.373  000.209  000.024: require('vim._init_packages')
001.374  000.330: init lua interpreter
002.854  001.480: expanding arguments
002.864  000.009: inits 2
003.112  000.248: init highlight
003.113  000.001: waiting for UI
003.242  000.129: done waiting for UI
003.254  000.012: clear screen
003.378  000.015  000.015: require('vim.keymap')
004.209  000.129  000.129: sourcing nvim_exec2()
004.235  000.008  000.008: require('vim._core.log')
004.711  001.454  001.303: require('vim._core.defaults')
004.712  000.004: init default mappings & autocommands
005.112  000.044  000.044: sourcing /opt/homebrew/Cellar/neovim/0.12.2/share/nvim/runtime/ftplugin.vim
005.190  000.021  000.021: sourcing /opt/homebrew/Cellar/neovim/0.12.2/share/nvim/runtime/indent.vim
005.195  000.418: sourcing vimrc file(s)
005.492  000.018  000.018: sourcing /Applications/Ghostty.app/Contents/Resources/ghostty/../nvim/site/ftdetect/ghostty.vim
005.504  000.153  000.135: sourcing nvim_exec2() called at /opt/homebrew/Cellar/neovim/0.12.2/share/nvim/runtime/filetype.lua:0
005.506  000.256  000.103: sourcing /opt/homebrew/Cellar/neovim/0.12.2/share/nvim/runtime/filetype.lua
005.715  000.058  000.058: sourcing /opt/homebrew/Cellar/neovim/0.12.2/share/nvim/runtime/syntax/synload.vim
005.769  000.190  000.132: sourcing /opt/homebrew/Cellar/neovim/0.12.2/share/nvim/runtime/syntax/syntax.vim
006.929  000.142  000.142: sourcing /opt/homebrew/Cellar/neovim/0.12.2/share/nvim/runtime/plugin/gzip.vim
007.567  000.138  000.138: sourcing /opt/homebrew/Cellar/neovim/0.12.2/share/nvim/runtime/pack/dist/opt/matchit/plugin/matchit.vim
007.599  000.619  000.481: sourcing /opt/homebrew/Cellar/neovim/0.12.2/share/nvim/runtime/plugin/matchit.vim
007.772  000.115  000.115: sourcing /opt/homebrew/Cellar/neovim/0.12.2/share/nvim/runtime/plugin/matchparen.vim
008.438  000.169  000.169: sourcing /opt/homebrew/Cellar/neovim/0.12.2/share/nvim/runtime/pack/dist/opt/netrw/plugin/netrwPlugin.vim
008.470  000.648  000.479: sourcing /opt/homebrew/Cellar/neovim/0.12.2/share/nvim/runtime/plugin/netrwPlugin.vim
008.571  000.044  000.044: sourcing /opt/homebrew/Cellar/neovim/0.12.2/share/nvim/runtime/plugin/rplugin.vim
008.706  000.077  000.077: sourcing /opt/homebrew/Cellar/neovim/0.12.2/share/nvim/runtime/plugin/tarPlugin.vim
008.788  000.029  000.029: sourcing /opt/homebrew/Cellar/neovim/0.12.2/share/nvim/runtime/plugin/tutor.vim
008.937  000.093  000.093: sourcing /opt/homebrew/Cellar/neovim/0.12.2/share/nvim/runtime/plugin/zipPlugin.vim
009.041  000.048  000.048: sourcing /opt/homebrew/Cellar/neovim/0.12.2/share/nvim/runtime/plugin/editorconfig.lua
009.151  000.057  000.057: sourcing /opt/homebrew/Cellar/neovim/0.12.2/share/nvim/runtime/plugin/man.lua
009.311  000.107  000.107: sourcing /opt/homebrew/Cellar/neovim/0.12.2/share/nvim/runtime/plugin/net.lua
009.437  000.073  000.073: sourcing /opt/homebrew/Cellar/neovim/0.12.2/share/nvim/runtime/plugin/osc52.lua
009.593  000.097  000.097: sourcing /opt/homebrew/Cellar/neovim/0.12.2/share/nvim/runtime/plugin/shada.lua
009.686  000.031  000.031: sourcing /opt/homebrew/Cellar/neovim/0.12.2/share/nvim/runtime/plugin/spellfile.lua
009.711  001.891: loading rtp plugins
009.838  000.127: loading packages
009.839  000.001: loading after plugins
009.847  000.008: inits 3
009.850  000.003: reading ShaDa
009.901  000.051: opening buffers
009.921  000.020: BufEnter autocommands
009.922  000.001: editing files in windows
009.945  000.023: --- NVIM STARTED ---

